2020-03-24 08:49:55,563 INFO de.ing.creditapplication.CreditApplicationDoof [restartedMain] Starting CreditApplicationDoof on Sonne with PID 19072 (C:\Users\JoachimWagner\git\MicroServiceUebungSM2\CreditApplication\target\classes started by JoachimWagner in C:\Users\JoachimWagner\git\MicroServiceUebungSM2\CreditApplication)
2020-03-24 08:49:55,563 INFO de.ing.creditapplication.CreditApplicationDoof [restartedMain] The following profiles are active: production
2020-03-24 08:49:56,343 WARN org.springframework.boot.autoconfigure.orm.jpa.JpaBaseConfiguration$JpaWebConfiguration [restartedMain] spring.jpa.open-in-view is enabled by default. Therefore, database queries may be performed during view rendering. Explicitly configure spring.jpa.open-in-view to disable this warning
2020-03-24 08:49:56,965 INFO de.ing.creditapplication.CreditApplicationDoof [restartedMain] Started CreditApplicationDoof in 1.431 seconds (JVM running for 844.759)
2020-03-24 08:50:13,396 INFO de.ing.creditapplication.CreditApplicationDoof [restartedMain] Starting CreditApplicationDoof on Sonne with PID 7852 (C:\Users\JoachimWagner\git\MicroServiceUebungSM2\CreditApplication\target\classes started by JoachimWagner in C:\Users\JoachimWagner\git\MicroServiceUebungSM2\CreditApplication)
2020-03-24 08:50:13,399 INFO de.ing.creditapplication.CreditApplicationDoof [restartedMain] The following profiles are active: production
2020-03-24 08:50:17,376 WARN org.springframework.boot.autoconfigure.orm.jpa.JpaBaseConfiguration$JpaWebConfiguration [restartedMain] spring.jpa.open-in-view is enabled by default. Therefore, database queries may be performed during view rendering. Explicitly configure spring.jpa.open-in-view to disable this warning
2020-03-24 08:50:19,608 INFO de.ing.creditapplication.CreditApplicationDoof [restartedMain] Started CreditApplicationDoof in 6.623 seconds (JVM running for 7.522)
2020-03-24 09:11:29,876 INFO de.ing.creditapplication.CreditApplicationDoof [restartedMain] Starting CreditApplicationDoof on Sonne with PID 7852 (C:\Users\JoachimWagner\git\MicroServiceUebungSM2\CreditApplication\target\classes started by JoachimWagner in C:\Users\JoachimWagner\git\MicroServiceUebungSM2\CreditApplication)
2020-03-24 09:11:29,877 INFO de.ing.creditapplication.CreditApplicationDoof [restartedMain] The following profiles are active: production
2020-03-24 09:11:31,073 WARN org.springframework.boot.autoconfigure.orm.jpa.JpaBaseConfiguration$JpaWebConfiguration [restartedMain] spring.jpa.open-in-view is enabled by default. Therefore, database queries may be performed during view rendering. Explicitly configure spring.jpa.open-in-view to disable this warning
2020-03-24 09:11:31,902 INFO de.ing.creditapplication.CreditApplicationDoof [restartedMain] Started CreditApplicationDoof in 2.06 seconds (JVM running for 1279.817)
2020-03-24 11:28:55,619 ERROR org.springframework.integration.handler.LoggingHandler [KafkaConsumerDestination{consumerDestinationName='CreditApplicationScoringPositiveTopic', partitions=1, dlqName='null'}.container-0-C-1] org.springframework.messaging.MessageDeliveryException: Dispatcher has no subscribers for channel 'application.scoringPositiveIn'.; nested exception is org.springframework.integration.MessageDispatchingException: Dispatcher has no subscribers, failedMessage=GenericMessage [payload=byte[150], headers={kafka_offset=0, scst_nativeHeadersPresent=true, kafka_consumer=org.apache.kafka.clients.consumer.KafkaConsumer@37e216e6, deliveryAttempt=3, kafka_timestampType=CREATE_TIME, kafka_receivedMessageKey=null, kafka_receivedPartitionId=0, contentType=application/json, kafka_receivedTopic=CreditApplicationScoringPositiveTopic, kafka_receivedTimestamp=1585045732521, kafka_groupId=ApplicationProcess-CreditApplicationEntered-Group}], failedMessage=GenericMessage [payload=byte[150], headers={kafka_offset=0, scst_nativeHeadersPresent=true, kafka_consumer=org.apache.kafka.clients.consumer.KafkaConsumer@37e216e6, deliveryAttempt=3, kafka_timestampType=CREATE_TIME, kafka_receivedMessageKey=null, kafka_receivedPartitionId=0, contentType=application/json, kafka_receivedTopic=CreditApplicationScoringPositiveTopic, kafka_receivedTimestamp=1585045732521, kafka_groupId=ApplicationProcess-CreditApplicationEntered-Group}]
	at org.springframework.integration.channel.AbstractSubscribableChannel.doSend(AbstractSubscribableChannel.java:77)
	at org.springframework.integration.channel.AbstractMessageChannel.send(AbstractMessageChannel.java:453)
	at org.springframework.integration.channel.AbstractMessageChannel.send(AbstractMessageChannel.java:403)
	at org.springframework.messaging.core.GenericMessagingTemplate.doSend(GenericMessagingTemplate.java:187)
	at org.springframework.messaging.core.GenericMessagingTemplate.doSend(GenericMessagingTemplate.java:166)
	at org.springframework.messaging.core.GenericMessagingTemplate.doSend(GenericMessagingTemplate.java:47)
	at org.springframework.messaging.core.AbstractMessageSendingTemplate.send(AbstractMessageSendingTemplate.java:109)
	at org.springframework.integration.endpoint.MessageProducerSupport.sendMessage(MessageProducerSupport.java:198)
	at org.springframework.integration.kafka.inbound.KafkaMessageDrivenChannelAdapter.sendMessageIfAny(KafkaMessageDrivenChannelAdapter.java:384)
	at org.springframework.integration.kafka.inbound.KafkaMessageDrivenChannelAdapter.access$300(KafkaMessageDrivenChannelAdapter.java:75)
	at org.springframework.integration.kafka.inbound.KafkaMessageDrivenChannelAdapter$IntegrationRecordMessageListener.onMessage(KafkaMessageDrivenChannelAdapter.java:443)
	at org.springframework.integration.kafka.inbound.KafkaMessageDrivenChannelAdapter$IntegrationRecordMessageListener.onMessage(KafkaMessageDrivenChannelAdapter.java:417)
	at org.springframework.kafka.listener.adapter.RetryingMessageListenerAdapter.lambda$onMessage$0(RetryingMessageListenerAdapter.java:120)
	at org.springframework.retry.support.RetryTemplate.doExecute(RetryTemplate.java:287)
	at org.springframework.retry.support.RetryTemplate.execute(RetryTemplate.java:211)
	at org.springframework.kafka.listener.adapter.RetryingMessageListenerAdapter.onMessage(RetryingMessageListenerAdapter.java:114)
	at org.springframework.kafka.listener.adapter.RetryingMessageListenerAdapter.onMessage(RetryingMessageListenerAdapter.java:40)
	at org.springframework.kafka.listener.KafkaMessageListenerContainer$ListenerConsumer.doInvokeOnMessage(KafkaMessageListenerContainer.java:1728)
	at org.springframework.kafka.listener.KafkaMessageListenerContainer$ListenerConsumer.invokeOnMessage(KafkaMessageListenerContainer.java:1711)
	at org.springframework.kafka.listener.KafkaMessageListenerContainer$ListenerConsumer.doInvokeRecordListener(KafkaMessageListenerContainer.java:1666)
	at org.springframework.kafka.listener.KafkaMessageListenerContainer$ListenerConsumer.doInvokeWithRecords(KafkaMessageListenerContainer.java:1605)
	at org.springframework.kafka.listener.KafkaMessageListenerContainer$ListenerConsumer.invokeRecordListener(KafkaMessageListenerContainer.java:1510)
	at org.springframework.kafka.listener.KafkaMessageListenerContainer$ListenerConsumer.invokeListener(KafkaMessageListenerContainer.java:1257)
	at org.springframework.kafka.listener.KafkaMessageListenerContainer$ListenerConsumer.pollAndInvoke(KafkaMessageListenerContainer.java:1007)
	at org.springframework.kafka.listener.KafkaMessageListenerContainer$ListenerConsumer.run(KafkaMessageListenerContainer.java:927)
	at java.util.concurrent.Executors$RunnableAdapter.call(Executors.java:511)
	at java.util.concurrent.FutureTask.run(FutureTask.java:266)
	at java.lang.Thread.run(Thread.java:748)
Caused by: org.springframework.integration.MessageDispatchingException: Dispatcher has no subscribers, failedMessage=GenericMessage [payload=byte[150], headers={kafka_offset=0, scst_nativeHeadersPresent=true, kafka_consumer=org.apache.kafka.clients.consumer.KafkaConsumer@37e216e6, deliveryAttempt=3, kafka_timestampType=CREATE_TIME, kafka_receivedMessageKey=null, kafka_receivedPartitionId=0, contentType=application/json, kafka_receivedTopic=CreditApplicationScoringPositiveTopic, kafka_receivedTimestamp=1585045732521, kafka_groupId=ApplicationProcess-CreditApplicationEntered-Group}]
	at org.springframework.integration.dispatcher.UnicastingDispatcher.doDispatch(UnicastingDispatcher.java:139)
	at org.springframework.integration.dispatcher.UnicastingDispatcher.dispatch(UnicastingDispatcher.java:106)
	at org.springframework.integration.channel.AbstractSubscribableChannel.doSend(AbstractSubscribableChannel.java:73)
	... 27 more

2020-03-24 11:28:55,624 ERROR org.springframework.kafka.listener.LoggingErrorHandler [KafkaConsumerDestination{consumerDestinationName='CreditApplicationScoringPositiveTopic', partitions=1, dlqName='null'}.container-0-C-1] Error while processing: ConsumerRecord(topic = CreditApplicationScoringPositiveTopic, partition = 0, leaderEpoch = 0, offset = 0, CreateTime = 1585045732521, serialized key size = -1, serialized value size = 150, headers = RecordHeaders(headers = [RecordHeader(key = contentType, value = [34, 97, 112, 112, 108, 105, 99, 97, 116, 105, 111, 110, 47, 106, 115, 111, 110, 34]), RecordHeader(key = spring_json_header_types, value = [123, 34, 99, 111, 110, 116, 101, 110, 116, 84, 121, 112, 101, 34, 58, 34, 106, 97, 118, 97, 46, 108, 97, 110, 103, 46, 83, 116, 114, 105, 110, 103, 34, 125])], isReadOnly = false), key = null, value = [B@586a1f95)
org.springframework.kafka.listener.ListenerExecutionFailedException: Listener failed; nested exception is org.springframework.messaging.MessageDeliveryException: Dispatcher has no subscribers for channel 'application.scoringPositiveIn'.; nested exception is org.springframework.integration.MessageDispatchingException: Dispatcher has no subscribers, failedMessage=GenericMessage [payload=byte[150], headers={kafka_offset=0, scst_nativeHeadersPresent=true, kafka_consumer=org.apache.kafka.clients.consumer.KafkaConsumer@37e216e6, deliveryAttempt=3, kafka_timestampType=CREATE_TIME, kafka_receivedMessageKey=null, kafka_receivedPartitionId=0, contentType=application/json, kafka_receivedTopic=CreditApplicationScoringPositiveTopic, kafka_receivedTimestamp=1585045732521, kafka_groupId=ApplicationProcess-CreditApplicationEntered-Group}], failedMessage=GenericMessage [payload=byte[150], headers={kafka_offset=0, scst_nativeHeadersPresent=true, kafka_consumer=org.apache.kafka.clients.consumer.KafkaConsumer@37e216e6, deliveryAttempt=3, kafka_timestampType=CREATE_TIME, kafka_receivedMessageKey=null, kafka_receivedPartitionId=0, contentType=application/json, kafka_receivedTopic=CreditApplicationScoringPositiveTopic, kafka_receivedTimestamp=1585045732521, kafka_groupId=ApplicationProcess-CreditApplicationEntered-Group}]
	at org.springframework.kafka.listener.KafkaMessageListenerContainer$ListenerConsumer.decorateException(KafkaMessageListenerContainer.java:1777)
	at org.springframework.kafka.listener.KafkaMessageListenerContainer$ListenerConsumer.invokeErrorHandler(KafkaMessageListenerContainer.java:1766)
	at org.springframework.kafka.listener.KafkaMessageListenerContainer$ListenerConsumer.doInvokeRecordListener(KafkaMessageListenerContainer.java:1679)
	at org.springframework.kafka.listener.KafkaMessageListenerContainer$ListenerConsumer.doInvokeWithRecords(KafkaMessageListenerContainer.java:1605)
	at org.springframework.kafka.listener.KafkaMessageListenerContainer$ListenerConsumer.invokeRecordListener(KafkaMessageListenerContainer.java:1510)
	at org.springframework.kafka.listener.KafkaMessageListenerContainer$ListenerConsumer.invokeListener(KafkaMessageListenerContainer.java:1257)
	at org.springframework.kafka.listener.KafkaMessageListenerContainer$ListenerConsumer.pollAndInvoke(KafkaMessageListenerContainer.java:1007)
	at org.springframework.kafka.listener.KafkaMessageListenerContainer$ListenerConsumer.run(KafkaMessageListenerContainer.java:927)
	at java.util.concurrent.Executors$RunnableAdapter.call(Executors.java:511)
	at java.util.concurrent.FutureTask.run(FutureTask.java:266)
	at java.lang.Thread.run(Thread.java:748)
Caused by: org.springframework.messaging.MessageDeliveryException: Dispatcher has no subscribers for channel 'application.scoringPositiveIn'.; nested exception is org.springframework.integration.MessageDispatchingException: Dispatcher has no subscribers, failedMessage=GenericMessage [payload=byte[150], headers={kafka_offset=0, scst_nativeHeadersPresent=true, kafka_consumer=org.apache.kafka.clients.consumer.KafkaConsumer@37e216e6, deliveryAttempt=3, kafka_timestampType=CREATE_TIME, kafka_receivedMessageKey=null, kafka_receivedPartitionId=0, contentType=application/json, kafka_receivedTopic=CreditApplicationScoringPositiveTopic, kafka_receivedTimestamp=1585045732521, kafka_groupId=ApplicationProcess-CreditApplicationEntered-Group}]
	at org.springframework.integration.channel.AbstractSubscribableChannel.doSend(AbstractSubscribableChannel.java:77)
	at org.springframework.integration.channel.AbstractMessageChannel.send(AbstractMessageChannel.java:453)
	at org.springframework.integration.channel.AbstractMessageChannel.send(AbstractMessageChannel.java:403)
	at org.springframework.messaging.core.GenericMessagingTemplate.doSend(GenericMessagingTemplate.java:187)
	at org.springframework.messaging.core.GenericMessagingTemplate.doSend(GenericMessagingTemplate.java:166)
	at org.springframework.messaging.core.GenericMessagingTemplate.doSend(GenericMessagingTemplate.java:47)
	at org.springframework.messaging.core.AbstractMessageSendingTemplate.send(AbstractMessageSendingTemplate.java:109)
	at org.springframework.integration.endpoint.MessageProducerSupport.sendMessage(MessageProducerSupport.java:198)
	at org.springframework.integration.kafka.inbound.KafkaMessageDrivenChannelAdapter.sendMessageIfAny(KafkaMessageDrivenChannelAdapter.java:384)
	at org.springframework.integration.kafka.inbound.KafkaMessageDrivenChannelAdapter.access$300(KafkaMessageDrivenChannelAdapter.java:75)
	at org.springframework.integration.kafka.inbound.KafkaMessageDrivenChannelAdapter$IntegrationRecordMessageListener.onMessage(KafkaMessageDrivenChannelAdapter.java:443)
	at org.springframework.integration.kafka.inbound.KafkaMessageDrivenChannelAdapter$IntegrationRecordMessageListener.onMessage(KafkaMessageDrivenChannelAdapter.java:417)
	at org.springframework.kafka.listener.adapter.RetryingMessageListenerAdapter.lambda$onMessage$0(RetryingMessageListenerAdapter.java:120)
	at org.springframework.retry.support.RetryTemplate.doExecute(RetryTemplate.java:287)
	at org.springframework.retry.support.RetryTemplate.execute(RetryTemplate.java:211)
	at org.springframework.kafka.listener.adapter.RetryingMessageListenerAdapter.onMessage(RetryingMessageListenerAdapter.java:114)
	at org.springframework.kafka.listener.adapter.RetryingMessageListenerAdapter.onMessage(RetryingMessageListenerAdapter.java:40)
	at org.springframework.kafka.listener.KafkaMessageListenerContainer$ListenerConsumer.doInvokeOnMessage(KafkaMessageListenerContainer.java:1728)
	at org.springframework.kafka.listener.KafkaMessageListenerContainer$ListenerConsumer.invokeOnMessage(KafkaMessageListenerContainer.java:1711)
	at org.springframework.kafka.listener.KafkaMessageListenerContainer$ListenerConsumer.doInvokeRecordListener(KafkaMessageListenerContainer.java:1666)
	... 8 common frames omitted
Caused by: org.springframework.integration.MessageDispatchingException: Dispatcher has no subscribers
	at org.springframework.integration.dispatcher.UnicastingDispatcher.doDispatch(UnicastingDispatcher.java:139)
	at org.springframework.integration.dispatcher.UnicastingDispatcher.dispatch(UnicastingDispatcher.java:106)
	at org.springframework.integration.channel.AbstractSubscribableChannel.doSend(AbstractSubscribableChannel.java:73)
	... 27 common frames omitted
2020-03-24 11:33:46,531 ERROR org.springframework.integration.handler.LoggingHandler [KafkaConsumerDestination{consumerDestinationName='CreditApplicationScoringPositiveTopic', partitions=1, dlqName='null'}.container-0-C-1] org.springframework.messaging.MessageDeliveryException: Dispatcher has no subscribers for channel 'application.scoringPositiveIn'.; nested exception is org.springframework.integration.MessageDispatchingException: Dispatcher has no subscribers, failedMessage=GenericMessage [payload=byte[150], headers={kafka_offset=1, scst_nativeHeadersPresent=true, kafka_consumer=org.apache.kafka.clients.consumer.KafkaConsumer@37e216e6, deliveryAttempt=3, kafka_timestampType=CREATE_TIME, kafka_receivedMessageKey=null, kafka_receivedPartitionId=0, contentType=application/json, kafka_receivedTopic=CreditApplicationScoringPositiveTopic, kafka_receivedTimestamp=1585046023525, kafka_groupId=ApplicationProcess-CreditApplicationEntered-Group}], failedMessage=GenericMessage [payload=byte[150], headers={kafka_offset=1, scst_nativeHeadersPresent=true, kafka_consumer=org.apache.kafka.clients.consumer.KafkaConsumer@37e216e6, deliveryAttempt=3, kafka_timestampType=CREATE_TIME, kafka_receivedMessageKey=null, kafka_receivedPartitionId=0, contentType=application/json, kafka_receivedTopic=CreditApplicationScoringPositiveTopic, kafka_receivedTimestamp=1585046023525, kafka_groupId=ApplicationProcess-CreditApplicationEntered-Group}]
	at org.springframework.integration.channel.AbstractSubscribableChannel.doSend(AbstractSubscribableChannel.java:77)
	at org.springframework.integration.channel.AbstractMessageChannel.send(AbstractMessageChannel.java:453)
	at org.springframework.integration.channel.AbstractMessageChannel.send(AbstractMessageChannel.java:403)
	at org.springframework.messaging.core.GenericMessagingTemplate.doSend(GenericMessagingTemplate.java:187)
	at org.springframework.messaging.core.GenericMessagingTemplate.doSend(GenericMessagingTemplate.java:166)
	at org.springframework.messaging.core.GenericMessagingTemplate.doSend(GenericMessagingTemplate.java:47)
	at org.springframework.messaging.core.AbstractMessageSendingTemplate.send(AbstractMessageSendingTemplate.java:109)
	at org.springframework.integration.endpoint.MessageProducerSupport.sendMessage(MessageProducerSupport.java:198)
	at org.springframework.integration.kafka.inbound.KafkaMessageDrivenChannelAdapter.sendMessageIfAny(KafkaMessageDrivenChannelAdapter.java:384)
	at org.springframework.integration.kafka.inbound.KafkaMessageDrivenChannelAdapter.access$300(KafkaMessageDrivenChannelAdapter.java:75)
	at org.springframework.integration.kafka.inbound.KafkaMessageDrivenChannelAdapter$IntegrationRecordMessageListener.onMessage(KafkaMessageDrivenChannelAdapter.java:443)
	at org.springframework.integration.kafka.inbound.KafkaMessageDrivenChannelAdapter$IntegrationRecordMessageListener.onMessage(KafkaMessageDrivenChannelAdapter.java:417)
	at org.springframework.kafka.listener.adapter.RetryingMessageListenerAdapter.lambda$onMessage$0(RetryingMessageListenerAdapter.java:120)
	at org.springframework.retry.support.RetryTemplate.doExecute(RetryTemplate.java:287)
	at org.springframework.retry.support.RetryTemplate.execute(RetryTemplate.java:211)
	at org.springframework.kafka.listener.adapter.RetryingMessageListenerAdapter.onMessage(RetryingMessageListenerAdapter.java:114)
	at org.springframework.kafka.listener.adapter.RetryingMessageListenerAdapter.onMessage(RetryingMessageListenerAdapter.java:40)
	at org.springframework.kafka.listener.KafkaMessageListenerContainer$ListenerConsumer.doInvokeOnMessage(KafkaMessageListenerContainer.java:1728)
	at org.springframework.kafka.listener.KafkaMessageListenerContainer$ListenerConsumer.invokeOnMessage(KafkaMessageListenerContainer.java:1711)
	at org.springframework.kafka.listener.KafkaMessageListenerContainer$ListenerConsumer.doInvokeRecordListener(KafkaMessageListenerContainer.java:1666)
	at org.springframework.kafka.listener.KafkaMessageListenerContainer$ListenerConsumer.doInvokeWithRecords(KafkaMessageListenerContainer.java:1605)
	at org.springframework.kafka.listener.KafkaMessageListenerContainer$ListenerConsumer.invokeRecordListener(KafkaMessageListenerContainer.java:1510)
	at org.springframework.kafka.listener.KafkaMessageListenerContainer$ListenerConsumer.invokeListener(KafkaMessageListenerContainer.java:1257)
	at org.springframework.kafka.listener.KafkaMessageListenerContainer$ListenerConsumer.pollAndInvoke(KafkaMessageListenerContainer.java:1007)
	at org.springframework.kafka.listener.KafkaMessageListenerContainer$ListenerConsumer.run(KafkaMessageListenerContainer.java:927)
	at java.util.concurrent.Executors$RunnableAdapter.call(Executors.java:511)
	at java.util.concurrent.FutureTask.run(FutureTask.java:266)
	at java.lang.Thread.run(Thread.java:748)
Caused by: org.springframework.integration.MessageDispatchingException: Dispatcher has no subscribers, failedMessage=GenericMessage [payload=byte[150], headers={kafka_offset=1, scst_nativeHeadersPresent=true, kafka_consumer=org.apache.kafka.clients.consumer.KafkaConsumer@37e216e6, deliveryAttempt=3, kafka_timestampType=CREATE_TIME, kafka_receivedMessageKey=null, kafka_receivedPartitionId=0, contentType=application/json, kafka_receivedTopic=CreditApplicationScoringPositiveTopic, kafka_receivedTimestamp=1585046023525, kafka_groupId=ApplicationProcess-CreditApplicationEntered-Group}]
	at org.springframework.integration.dispatcher.UnicastingDispatcher.doDispatch(UnicastingDispatcher.java:139)
	at org.springframework.integration.dispatcher.UnicastingDispatcher.dispatch(UnicastingDispatcher.java:106)
	at org.springframework.integration.channel.AbstractSubscribableChannel.doSend(AbstractSubscribableChannel.java:73)
	... 27 more

2020-03-24 11:33:46,532 ERROR org.springframework.kafka.listener.LoggingErrorHandler [KafkaConsumerDestination{consumerDestinationName='CreditApplicationScoringPositiveTopic', partitions=1, dlqName='null'}.container-0-C-1] Error while processing: ConsumerRecord(topic = CreditApplicationScoringPositiveTopic, partition = 0, leaderEpoch = 0, offset = 1, CreateTime = 1585046023525, serialized key size = -1, serialized value size = 150, headers = RecordHeaders(headers = [RecordHeader(key = contentType, value = [34, 97, 112, 112, 108, 105, 99, 97, 116, 105, 111, 110, 47, 106, 115, 111, 110, 34]), RecordHeader(key = spring_json_header_types, value = [123, 34, 99, 111, 110, 116, 101, 110, 116, 84, 121, 112, 101, 34, 58, 34, 106, 97, 118, 97, 46, 108, 97, 110, 103, 46, 83, 116, 114, 105, 110, 103, 34, 125])], isReadOnly = false), key = null, value = [B@5cf694c5)
org.springframework.kafka.listener.ListenerExecutionFailedException: Listener failed; nested exception is org.springframework.messaging.MessageDeliveryException: Dispatcher has no subscribers for channel 'application.scoringPositiveIn'.; nested exception is org.springframework.integration.MessageDispatchingException: Dispatcher has no subscribers, failedMessage=GenericMessage [payload=byte[150], headers={kafka_offset=1, scst_nativeHeadersPresent=true, kafka_consumer=org.apache.kafka.clients.consumer.KafkaConsumer@37e216e6, deliveryAttempt=3, kafka_timestampType=CREATE_TIME, kafka_receivedMessageKey=null, kafka_receivedPartitionId=0, contentType=application/json, kafka_receivedTopic=CreditApplicationScoringPositiveTopic, kafka_receivedTimestamp=1585046023525, kafka_groupId=ApplicationProcess-CreditApplicationEntered-Group}], failedMessage=GenericMessage [payload=byte[150], headers={kafka_offset=1, scst_nativeHeadersPresent=true, kafka_consumer=org.apache.kafka.clients.consumer.KafkaConsumer@37e216e6, deliveryAttempt=3, kafka_timestampType=CREATE_TIME, kafka_receivedMessageKey=null, kafka_receivedPartitionId=0, contentType=application/json, kafka_receivedTopic=CreditApplicationScoringPositiveTopic, kafka_receivedTimestamp=1585046023525, kafka_groupId=ApplicationProcess-CreditApplicationEntered-Group}]
	at org.springframework.kafka.listener.KafkaMessageListenerContainer$ListenerConsumer.decorateException(KafkaMessageListenerContainer.java:1777)
	at org.springframework.kafka.listener.KafkaMessageListenerContainer$ListenerConsumer.invokeErrorHandler(KafkaMessageListenerContainer.java:1766)
	at org.springframework.kafka.listener.KafkaMessageListenerContainer$ListenerConsumer.doInvokeRecordListener(KafkaMessageListenerContainer.java:1679)
	at org.springframework.kafka.listener.KafkaMessageListenerContainer$ListenerConsumer.doInvokeWithRecords(KafkaMessageListenerContainer.java:1605)
	at org.springframework.kafka.listener.KafkaMessageListenerContainer$ListenerConsumer.invokeRecordListener(KafkaMessageListenerContainer.java:1510)
	at org.springframework.kafka.listener.KafkaMessageListenerContainer$ListenerConsumer.invokeListener(KafkaMessageListenerContainer.java:1257)
	at org.springframework.kafka.listener.KafkaMessageListenerContainer$ListenerConsumer.pollAndInvoke(KafkaMessageListenerContainer.java:1007)
	at org.springframework.kafka.listener.KafkaMessageListenerContainer$ListenerConsumer.run(KafkaMessageListenerContainer.java:927)
	at java.util.concurrent.Executors$RunnableAdapter.call(Executors.java:511)
	at java.util.concurrent.FutureTask.run(FutureTask.java:266)
	at java.lang.Thread.run(Thread.java:748)
Caused by: org.springframework.messaging.MessageDeliveryException: Dispatcher has no subscribers for channel 'application.scoringPositiveIn'.; nested exception is org.springframework.integration.MessageDispatchingException: Dispatcher has no subscribers, failedMessage=GenericMessage [payload=byte[150], headers={kafka_offset=1, scst_nativeHeadersPresent=true, kafka_consumer=org.apache.kafka.clients.consumer.KafkaConsumer@37e216e6, deliveryAttempt=3, kafka_timestampType=CREATE_TIME, kafka_receivedMessageKey=null, kafka_receivedPartitionId=0, contentType=application/json, kafka_receivedTopic=CreditApplicationScoringPositiveTopic, kafka_receivedTimestamp=1585046023525, kafka_groupId=ApplicationProcess-CreditApplicationEntered-Group}]
	at org.springframework.integration.channel.AbstractSubscribableChannel.doSend(AbstractSubscribableChannel.java:77)
	at org.springframework.integration.channel.AbstractMessageChannel.send(AbstractMessageChannel.java:453)
	at org.springframework.integration.channel.AbstractMessageChannel.send(AbstractMessageChannel.java:403)
	at org.springframework.messaging.core.GenericMessagingTemplate.doSend(GenericMessagingTemplate.java:187)
	at org.springframework.messaging.core.GenericMessagingTemplate.doSend(GenericMessagingTemplate.java:166)
	at org.springframework.messaging.core.GenericMessagingTemplate.doSend(GenericMessagingTemplate.java:47)
	at org.springframework.messaging.core.AbstractMessageSendingTemplate.send(AbstractMessageSendingTemplate.java:109)
	at org.springframework.integration.endpoint.MessageProducerSupport.sendMessage(MessageProducerSupport.java:198)
	at org.springframework.integration.kafka.inbound.KafkaMessageDrivenChannelAdapter.sendMessageIfAny(KafkaMessageDrivenChannelAdapter.java:384)
	at org.springframework.integration.kafka.inbound.KafkaMessageDrivenChannelAdapter.access$300(KafkaMessageDrivenChannelAdapter.java:75)
	at org.springframework.integration.kafka.inbound.KafkaMessageDrivenChannelAdapter$IntegrationRecordMessageListener.onMessage(KafkaMessageDrivenChannelAdapter.java:443)
	at org.springframework.integration.kafka.inbound.KafkaMessageDrivenChannelAdapter$IntegrationRecordMessageListener.onMessage(KafkaMessageDrivenChannelAdapter.java:417)
	at org.springframework.kafka.listener.adapter.RetryingMessageListenerAdapter.lambda$onMessage$0(RetryingMessageListenerAdapter.java:120)
	at org.springframework.retry.support.RetryTemplate.doExecute(RetryTemplate.java:287)
	at org.springframework.retry.support.RetryTemplate.execute(RetryTemplate.java:211)
	at org.springframework.kafka.listener.adapter.RetryingMessageListenerAdapter.onMessage(RetryingMessageListenerAdapter.java:114)
	at org.springframework.kafka.listener.adapter.RetryingMessageListenerAdapter.onMessage(RetryingMessageListenerAdapter.java:40)
	at org.springframework.kafka.listener.KafkaMessageListenerContainer$ListenerConsumer.doInvokeOnMessage(KafkaMessageListenerContainer.java:1728)
	at org.springframework.kafka.listener.KafkaMessageListenerContainer$ListenerConsumer.invokeOnMessage(KafkaMessageListenerContainer.java:1711)
	at org.springframework.kafka.listener.KafkaMessageListenerContainer$ListenerConsumer.doInvokeRecordListener(KafkaMessageListenerContainer.java:1666)
	... 8 common frames omitted
Caused by: org.springframework.integration.MessageDispatchingException: Dispatcher has no subscribers
	at org.springframework.integration.dispatcher.UnicastingDispatcher.doDispatch(UnicastingDispatcher.java:139)
	at org.springframework.integration.dispatcher.UnicastingDispatcher.dispatch(UnicastingDispatcher.java:106)
	at org.springframework.integration.channel.AbstractSubscribableChannel.doSend(AbstractSubscribableChannel.java:73)
	... 27 common frames omitted
2020-03-24 11:34:33,772 ERROR org.springframework.integration.handler.LoggingHandler [KafkaConsumerDestination{consumerDestinationName='CreditApplicationScoringNegativeTopic', partitions=1, dlqName='null'}.container-0-C-1] org.springframework.messaging.MessageDeliveryException: Dispatcher has no subscribers for channel 'application.scoringNegativeIn'.; nested exception is org.springframework.integration.MessageDispatchingException: Dispatcher has no subscribers, failedMessage=GenericMessage [payload=byte[150], headers={kafka_offset=0, scst_nativeHeadersPresent=true, kafka_consumer=org.apache.kafka.clients.consumer.KafkaConsumer@217dd337, deliveryAttempt=3, kafka_timestampType=CREATE_TIME, kafka_receivedMessageKey=null, kafka_receivedPartitionId=0, contentType=application/json, kafka_receivedTopic=CreditApplicationScoringNegativeTopic, kafka_receivedTimestamp=1585046070761, kafka_groupId=ApplicationProcess-CreditApplicationEntered-Group}], failedMessage=GenericMessage [payload=byte[150], headers={kafka_offset=0, scst_nativeHeadersPresent=true, kafka_consumer=org.apache.kafka.clients.consumer.KafkaConsumer@217dd337, deliveryAttempt=3, kafka_timestampType=CREATE_TIME, kafka_receivedMessageKey=null, kafka_receivedPartitionId=0, contentType=application/json, kafka_receivedTopic=CreditApplicationScoringNegativeTopic, kafka_receivedTimestamp=1585046070761, kafka_groupId=ApplicationProcess-CreditApplicationEntered-Group}]
	at org.springframework.integration.channel.AbstractSubscribableChannel.doSend(AbstractSubscribableChannel.java:77)
	at org.springframework.integration.channel.AbstractMessageChannel.send(AbstractMessageChannel.java:453)
	at org.springframework.integration.channel.AbstractMessageChannel.send(AbstractMessageChannel.java:403)
	at org.springframework.messaging.core.GenericMessagingTemplate.doSend(GenericMessagingTemplate.java:187)
	at org.springframework.messaging.core.GenericMessagingTemplate.doSend(GenericMessagingTemplate.java:166)
	at org.springframework.messaging.core.GenericMessagingTemplate.doSend(GenericMessagingTemplate.java:47)
	at org.springframework.messaging.core.AbstractMessageSendingTemplate.send(AbstractMessageSendingTemplate.java:109)
	at org.springframework.integration.endpoint.MessageProducerSupport.sendMessage(MessageProducerSupport.java:198)
	at org.springframework.integration.kafka.inbound.KafkaMessageDrivenChannelAdapter.sendMessageIfAny(KafkaMessageDrivenChannelAdapter.java:384)
	at org.springframework.integration.kafka.inbound.KafkaMessageDrivenChannelAdapter.access$300(KafkaMessageDrivenChannelAdapter.java:75)
	at org.springframework.integration.kafka.inbound.KafkaMessageDrivenChannelAdapter$IntegrationRecordMessageListener.onMessage(KafkaMessageDrivenChannelAdapter.java:443)
	at org.springframework.integration.kafka.inbound.KafkaMessageDrivenChannelAdapter$IntegrationRecordMessageListener.onMessage(KafkaMessageDrivenChannelAdapter.java:417)
	at org.springframework.kafka.listener.adapter.RetryingMessageListenerAdapter.lambda$onMessage$0(RetryingMessageListenerAdapter.java:120)
	at org.springframework.retry.support.RetryTemplate.doExecute(RetryTemplate.java:287)
	at org.springframework.retry.support.RetryTemplate.execute(RetryTemplate.java:211)
	at org.springframework.kafka.listener.adapter.RetryingMessageListenerAdapter.onMessage(RetryingMessageListenerAdapter.java:114)
	at org.springframework.kafka.listener.adapter.RetryingMessageListenerAdapter.onMessage(RetryingMessageListenerAdapter.java:40)
	at org.springframework.kafka.listener.KafkaMessageListenerContainer$ListenerConsumer.doInvokeOnMessage(KafkaMessageListenerContainer.java:1728)
	at org.springframework.kafka.listener.KafkaMessageListenerContainer$ListenerConsumer.invokeOnMessage(KafkaMessageListenerContainer.java:1711)
	at org.springframework.kafka.listener.KafkaMessageListenerContainer$ListenerConsumer.doInvokeRecordListener(KafkaMessageListenerContainer.java:1666)
	at org.springframework.kafka.listener.KafkaMessageListenerContainer$ListenerConsumer.doInvokeWithRecords(KafkaMessageListenerContainer.java:1605)
	at org.springframework.kafka.listener.KafkaMessageListenerContainer$ListenerConsumer.invokeRecordListener(KafkaMessageListenerContainer.java:1510)
	at org.springframework.kafka.listener.KafkaMessageListenerContainer$ListenerConsumer.invokeListener(KafkaMessageListenerContainer.java:1257)
	at org.springframework.kafka.listener.KafkaMessageListenerContainer$ListenerConsumer.pollAndInvoke(KafkaMessageListenerContainer.java:1007)
	at org.springframework.kafka.listener.KafkaMessageListenerContainer$ListenerConsumer.run(KafkaMessageListenerContainer.java:927)
	at java.util.concurrent.Executors$RunnableAdapter.call(Executors.java:511)
	at java.util.concurrent.FutureTask.run(FutureTask.java:266)
	at java.lang.Thread.run(Thread.java:748)
Caused by: org.springframework.integration.MessageDispatchingException: Dispatcher has no subscribers, failedMessage=GenericMessage [payload=byte[150], headers={kafka_offset=0, scst_nativeHeadersPresent=true, kafka_consumer=org.apache.kafka.clients.consumer.KafkaConsumer@217dd337, deliveryAttempt=3, kafka_timestampType=CREATE_TIME, kafka_receivedMessageKey=null, kafka_receivedPartitionId=0, contentType=application/json, kafka_receivedTopic=CreditApplicationScoringNegativeTopic, kafka_receivedTimestamp=1585046070761, kafka_groupId=ApplicationProcess-CreditApplicationEntered-Group}]
	at org.springframework.integration.dispatcher.UnicastingDispatcher.doDispatch(UnicastingDispatcher.java:139)
	at org.springframework.integration.dispatcher.UnicastingDispatcher.dispatch(UnicastingDispatcher.java:106)
	at org.springframework.integration.channel.AbstractSubscribableChannel.doSend(AbstractSubscribableChannel.java:73)
	... 27 more

2020-03-24 11:34:33,773 ERROR org.springframework.kafka.listener.LoggingErrorHandler [KafkaConsumerDestination{consumerDestinationName='CreditApplicationScoringNegativeTopic', partitions=1, dlqName='null'}.container-0-C-1] Error while processing: ConsumerRecord(topic = CreditApplicationScoringNegativeTopic, partition = 0, leaderEpoch = 0, offset = 0, CreateTime = 1585046070761, serialized key size = -1, serialized value size = 150, headers = RecordHeaders(headers = [RecordHeader(key = contentType, value = [34, 97, 112, 112, 108, 105, 99, 97, 116, 105, 111, 110, 47, 106, 115, 111, 110, 34]), RecordHeader(key = spring_json_header_types, value = [123, 34, 99, 111, 110, 116, 101, 110, 116, 84, 121, 112, 101, 34, 58, 34, 106, 97, 118, 97, 46, 108, 97, 110, 103, 46, 83, 116, 114, 105, 110, 103, 34, 125])], isReadOnly = false), key = null, value = [B@19cbee5c)
org.springframework.kafka.listener.ListenerExecutionFailedException: Listener failed; nested exception is org.springframework.messaging.MessageDeliveryException: Dispatcher has no subscribers for channel 'application.scoringNegativeIn'.; nested exception is org.springframework.integration.MessageDispatchingException: Dispatcher has no subscribers, failedMessage=GenericMessage [payload=byte[150], headers={kafka_offset=0, scst_nativeHeadersPresent=true, kafka_consumer=org.apache.kafka.clients.consumer.KafkaConsumer@217dd337, deliveryAttempt=3, kafka_timestampType=CREATE_TIME, kafka_receivedMessageKey=null, kafka_receivedPartitionId=0, contentType=application/json, kafka_receivedTopic=CreditApplicationScoringNegativeTopic, kafka_receivedTimestamp=1585046070761, kafka_groupId=ApplicationProcess-CreditApplicationEntered-Group}], failedMessage=GenericMessage [payload=byte[150], headers={kafka_offset=0, scst_nativeHeadersPresent=true, kafka_consumer=org.apache.kafka.clients.consumer.KafkaConsumer@217dd337, deliveryAttempt=3, kafka_timestampType=CREATE_TIME, kafka_receivedMessageKey=null, kafka_receivedPartitionId=0, contentType=application/json, kafka_receivedTopic=CreditApplicationScoringNegativeTopic, kafka_receivedTimestamp=1585046070761, kafka_groupId=ApplicationProcess-CreditApplicationEntered-Group}]
	at org.springframework.kafka.listener.KafkaMessageListenerContainer$ListenerConsumer.decorateException(KafkaMessageListenerContainer.java:1777)
	at org.springframework.kafka.listener.KafkaMessageListenerContainer$ListenerConsumer.invokeErrorHandler(KafkaMessageListenerContainer.java:1766)
	at org.springframework.kafka.listener.KafkaMessageListenerContainer$ListenerConsumer.doInvokeRecordListener(KafkaMessageListenerContainer.java:1679)
	at org.springframework.kafka.listener.KafkaMessageListenerContainer$ListenerConsumer.doInvokeWithRecords(KafkaMessageListenerContainer.java:1605)
	at org.springframework.kafka.listener.KafkaMessageListenerContainer$ListenerConsumer.invokeRecordListener(KafkaMessageListenerContainer.java:1510)
	at org.springframework.kafka.listener.KafkaMessageListenerContainer$ListenerConsumer.invokeListener(KafkaMessageListenerContainer.java:1257)
	at org.springframework.kafka.listener.KafkaMessageListenerContainer$ListenerConsumer.pollAndInvoke(KafkaMessageListenerContainer.java:1007)
	at org.springframework.kafka.listener.KafkaMessageListenerContainer$ListenerConsumer.run(KafkaMessageListenerContainer.java:927)
	at java.util.concurrent.Executors$RunnableAdapter.call(Executors.java:511)
	at java.util.concurrent.FutureTask.run(FutureTask.java:266)
	at java.lang.Thread.run(Thread.java:748)
Caused by: org.springframework.messaging.MessageDeliveryException: Dispatcher has no subscribers for channel 'application.scoringNegativeIn'.; nested exception is org.springframework.integration.MessageDispatchingException: Dispatcher has no subscribers, failedMessage=GenericMessage [payload=byte[150], headers={kafka_offset=0, scst_nativeHeadersPresent=true, kafka_consumer=org.apache.kafka.clients.consumer.KafkaConsumer@217dd337, deliveryAttempt=3, kafka_timestampType=CREATE_TIME, kafka_receivedMessageKey=null, kafka_receivedPartitionId=0, contentType=application/json, kafka_receivedTopic=CreditApplicationScoringNegativeTopic, kafka_receivedTimestamp=1585046070761, kafka_groupId=ApplicationProcess-CreditApplicationEntered-Group}]
	at org.springframework.integration.channel.AbstractSubscribableChannel.doSend(AbstractSubscribableChannel.java:77)
	at org.springframework.integration.channel.AbstractMessageChannel.send(AbstractMessageChannel.java:453)
	at org.springframework.integration.channel.AbstractMessageChannel.send(AbstractMessageChannel.java:403)
	at org.springframework.messaging.core.GenericMessagingTemplate.doSend(GenericMessagingTemplate.java:187)
	at org.springframework.messaging.core.GenericMessagingTemplate.doSend(GenericMessagingTemplate.java:166)
	at org.springframework.messaging.core.GenericMessagingTemplate.doSend(GenericMessagingTemplate.java:47)
	at org.springframework.messaging.core.AbstractMessageSendingTemplate.send(AbstractMessageSendingTemplate.java:109)
	at org.springframework.integration.endpoint.MessageProducerSupport.sendMessage(MessageProducerSupport.java:198)
	at org.springframework.integration.kafka.inbound.KafkaMessageDrivenChannelAdapter.sendMessageIfAny(KafkaMessageDrivenChannelAdapter.java:384)
	at org.springframework.integration.kafka.inbound.KafkaMessageDrivenChannelAdapter.access$300(KafkaMessageDrivenChannelAdapter.java:75)
	at org.springframework.integration.kafka.inbound.KafkaMessageDrivenChannelAdapter$IntegrationRecordMessageListener.onMessage(KafkaMessageDrivenChannelAdapter.java:443)
	at org.springframework.integration.kafka.inbound.KafkaMessageDrivenChannelAdapter$IntegrationRecordMessageListener.onMessage(KafkaMessageDrivenChannelAdapter.java:417)
	at org.springframework.kafka.listener.adapter.RetryingMessageListenerAdapter.lambda$onMessage$0(RetryingMessageListenerAdapter.java:120)
	at org.springframework.retry.support.RetryTemplate.doExecute(RetryTemplate.java:287)
	at org.springframework.retry.support.RetryTemplate.execute(RetryTemplate.java:211)
	at org.springframework.kafka.listener.adapter.RetryingMessageListenerAdapter.onMessage(RetryingMessageListenerAdapter.java:114)
	at org.springframework.kafka.listener.adapter.RetryingMessageListenerAdapter.onMessage(RetryingMessageListenerAdapter.java:40)
	at org.springframework.kafka.listener.KafkaMessageListenerContainer$ListenerConsumer.doInvokeOnMessage(KafkaMessageListenerContainer.java:1728)
	at org.springframework.kafka.listener.KafkaMessageListenerContainer$ListenerConsumer.invokeOnMessage(KafkaMessageListenerContainer.java:1711)
	at org.springframework.kafka.listener.KafkaMessageListenerContainer$ListenerConsumer.doInvokeRecordListener(KafkaMessageListenerContainer.java:1666)
	... 8 common frames omitted
Caused by: org.springframework.integration.MessageDispatchingException: Dispatcher has no subscribers
	at org.springframework.integration.dispatcher.UnicastingDispatcher.doDispatch(UnicastingDispatcher.java:139)
	at org.springframework.integration.dispatcher.UnicastingDispatcher.dispatch(UnicastingDispatcher.java:106)
	at org.springframework.integration.channel.AbstractSubscribableChannel.doSend(AbstractSubscribableChannel.java:73)
	... 27 common frames omitted
2020-03-24 11:39:54,876 ERROR org.springframework.integration.handler.LoggingHandler [KafkaConsumerDestination{consumerDestinationName='CreditApplicationScoringPositiveTopic', partitions=1, dlqName='null'}.container-0-C-1] org.springframework.messaging.MessageDeliveryException: Dispatcher has no subscribers for channel 'application.scoringPositiveIn'.; nested exception is org.springframework.integration.MessageDispatchingException: Dispatcher has no subscribers, failedMessage=GenericMessage [payload=byte[150], headers={kafka_offset=0, scst_nativeHeadersPresent=true, kafka_consumer=org.apache.kafka.clients.consumer.KafkaConsumer@37e216e6, deliveryAttempt=3, kafka_timestampType=CREATE_TIME, kafka_receivedMessageKey=null, kafka_receivedPartitionId=0, contentType=application/json, kafka_receivedTopic=CreditApplicationScoringPositiveTopic, kafka_receivedTimestamp=1585045732521, kafka_groupId=ApplicationProcess-CreditApplicationEntered-Group}], failedMessage=GenericMessage [payload=byte[150], headers={kafka_offset=0, scst_nativeHeadersPresent=true, kafka_consumer=org.apache.kafka.clients.consumer.KafkaConsumer@37e216e6, deliveryAttempt=3, kafka_timestampType=CREATE_TIME, kafka_receivedMessageKey=null, kafka_receivedPartitionId=0, contentType=application/json, kafka_receivedTopic=CreditApplicationScoringPositiveTopic, kafka_receivedTimestamp=1585045732521, kafka_groupId=ApplicationProcess-CreditApplicationEntered-Group}]
	at org.springframework.integration.channel.AbstractSubscribableChannel.doSend(AbstractSubscribableChannel.java:77)
	at org.springframework.integration.channel.AbstractMessageChannel.send(AbstractMessageChannel.java:453)
	at org.springframework.integration.channel.AbstractMessageChannel.send(AbstractMessageChannel.java:403)
	at org.springframework.messaging.core.GenericMessagingTemplate.doSend(GenericMessagingTemplate.java:187)
	at org.springframework.messaging.core.GenericMessagingTemplate.doSend(GenericMessagingTemplate.java:166)
	at org.springframework.messaging.core.GenericMessagingTemplate.doSend(GenericMessagingTemplate.java:47)
	at org.springframework.messaging.core.AbstractMessageSendingTemplate.send(AbstractMessageSendingTemplate.java:109)
	at org.springframework.integration.endpoint.MessageProducerSupport.sendMessage(MessageProducerSupport.java:198)
	at org.springframework.integration.kafka.inbound.KafkaMessageDrivenChannelAdapter.sendMessageIfAny(KafkaMessageDrivenChannelAdapter.java:384)
	at org.springframework.integration.kafka.inbound.KafkaMessageDrivenChannelAdapter.access$300(KafkaMessageDrivenChannelAdapter.java:75)
	at org.springframework.integration.kafka.inbound.KafkaMessageDrivenChannelAdapter$IntegrationRecordMessageListener.onMessage(KafkaMessageDrivenChannelAdapter.java:443)
	at org.springframework.integration.kafka.inbound.KafkaMessageDrivenChannelAdapter$IntegrationRecordMessageListener.onMessage(KafkaMessageDrivenChannelAdapter.java:417)
	at org.springframework.kafka.listener.adapter.RetryingMessageListenerAdapter.lambda$onMessage$0(RetryingMessageListenerAdapter.java:120)
	at org.springframework.retry.support.RetryTemplate.doExecute(RetryTemplate.java:287)
	at org.springframework.retry.support.RetryTemplate.execute(RetryTemplate.java:211)
	at org.springframework.kafka.listener.adapter.RetryingMessageListenerAdapter.onMessage(RetryingMessageListenerAdapter.java:114)
	at org.springframework.kafka.listener.adapter.RetryingMessageListenerAdapter.onMessage(RetryingMessageListenerAdapter.java:40)
	at org.springframework.kafka.listener.KafkaMessageListenerContainer$ListenerConsumer.doInvokeOnMessage(KafkaMessageListenerContainer.java:1728)
	at org.springframework.kafka.listener.KafkaMessageListenerContainer$ListenerConsumer.invokeOnMessage(KafkaMessageListenerContainer.java:1711)
	at org.springframework.kafka.listener.KafkaMessageListenerContainer$ListenerConsumer.doInvokeRecordListener(KafkaMessageListenerContainer.java:1666)
	at org.springframework.kafka.listener.KafkaMessageListenerContainer$ListenerConsumer.doInvokeWithRecords(KafkaMessageListenerContainer.java:1605)
	at org.springframework.kafka.listener.KafkaMessageListenerContainer$ListenerConsumer.invokeRecordListener(KafkaMessageListenerContainer.java:1510)
	at org.springframework.kafka.listener.KafkaMessageListenerContainer$ListenerConsumer.invokeListener(KafkaMessageListenerContainer.java:1257)
	at org.springframework.kafka.listener.KafkaMessageListenerContainer$ListenerConsumer.pollAndInvoke(KafkaMessageListenerContainer.java:1007)
	at org.springframework.kafka.listener.KafkaMessageListenerContainer$ListenerConsumer.run(KafkaMessageListenerContainer.java:927)
	at java.util.concurrent.Executors$RunnableAdapter.call(Executors.java:511)
	at java.util.concurrent.FutureTask.run(FutureTask.java:266)
	at java.lang.Thread.run(Thread.java:748)
Caused by: org.springframework.integration.MessageDispatchingException: Dispatcher has no subscribers, failedMessage=GenericMessage [payload=byte[150], headers={kafka_offset=0, scst_nativeHeadersPresent=true, kafka_consumer=org.apache.kafka.clients.consumer.KafkaConsumer@37e216e6, deliveryAttempt=3, kafka_timestampType=CREATE_TIME, kafka_receivedMessageKey=null, kafka_receivedPartitionId=0, contentType=application/json, kafka_receivedTopic=CreditApplicationScoringPositiveTopic, kafka_receivedTimestamp=1585045732521, kafka_groupId=ApplicationProcess-CreditApplicationEntered-Group}]
	at org.springframework.integration.dispatcher.UnicastingDispatcher.doDispatch(UnicastingDispatcher.java:139)
	at org.springframework.integration.dispatcher.UnicastingDispatcher.dispatch(UnicastingDispatcher.java:106)
	at org.springframework.integration.channel.AbstractSubscribableChannel.doSend(AbstractSubscribableChannel.java:73)
	... 27 more

2020-03-24 11:39:54,877 ERROR org.springframework.kafka.listener.LoggingErrorHandler [KafkaConsumerDestination{consumerDestinationName='CreditApplicationScoringPositiveTopic', partitions=1, dlqName='null'}.container-0-C-1] Error while processing: ConsumerRecord(topic = CreditApplicationScoringPositiveTopic, partition = 0, leaderEpoch = 0, offset = 0, CreateTime = 1585045732521, serialized key size = -1, serialized value size = 150, headers = RecordHeaders(headers = [RecordHeader(key = contentType, value = [34, 97, 112, 112, 108, 105, 99, 97, 116, 105, 111, 110, 47, 106, 115, 111, 110, 34]), RecordHeader(key = spring_json_header_types, value = [123, 34, 99, 111, 110, 116, 101, 110, 116, 84, 121, 112, 101, 34, 58, 34, 106, 97, 118, 97, 46, 108, 97, 110, 103, 46, 83, 116, 114, 105, 110, 103, 34, 125])], isReadOnly = false), key = null, value = [B@13c5d9a)
org.springframework.kafka.listener.ListenerExecutionFailedException: Listener failed; nested exception is org.springframework.messaging.MessageDeliveryException: Dispatcher has no subscribers for channel 'application.scoringPositiveIn'.; nested exception is org.springframework.integration.MessageDispatchingException: Dispatcher has no subscribers, failedMessage=GenericMessage [payload=byte[150], headers={kafka_offset=0, scst_nativeHeadersPresent=true, kafka_consumer=org.apache.kafka.clients.consumer.KafkaConsumer@37e216e6, deliveryAttempt=3, kafka_timestampType=CREATE_TIME, kafka_receivedMessageKey=null, kafka_receivedPartitionId=0, contentType=application/json, kafka_receivedTopic=CreditApplicationScoringPositiveTopic, kafka_receivedTimestamp=1585045732521, kafka_groupId=ApplicationProcess-CreditApplicationEntered-Group}], failedMessage=GenericMessage [payload=byte[150], headers={kafka_offset=0, scst_nativeHeadersPresent=true, kafka_consumer=org.apache.kafka.clients.consumer.KafkaConsumer@37e216e6, deliveryAttempt=3, kafka_timestampType=CREATE_TIME, kafka_receivedMessageKey=null, kafka_receivedPartitionId=0, contentType=application/json, kafka_receivedTopic=CreditApplicationScoringPositiveTopic, kafka_receivedTimestamp=1585045732521, kafka_groupId=ApplicationProcess-CreditApplicationEntered-Group}]
	at org.springframework.kafka.listener.KafkaMessageListenerContainer$ListenerConsumer.decorateException(KafkaMessageListenerContainer.java:1777)
	at org.springframework.kafka.listener.KafkaMessageListenerContainer$ListenerConsumer.invokeErrorHandler(KafkaMessageListenerContainer.java:1766)
	at org.springframework.kafka.listener.KafkaMessageListenerContainer$ListenerConsumer.doInvokeRecordListener(KafkaMessageListenerContainer.java:1679)
	at org.springframework.kafka.listener.KafkaMessageListenerContainer$ListenerConsumer.doInvokeWithRecords(KafkaMessageListenerContainer.java:1605)
	at org.springframework.kafka.listener.KafkaMessageListenerContainer$ListenerConsumer.invokeRecordListener(KafkaMessageListenerContainer.java:1510)
	at org.springframework.kafka.listener.KafkaMessageListenerContainer$ListenerConsumer.invokeListener(KafkaMessageListenerContainer.java:1257)
	at org.springframework.kafka.listener.KafkaMessageListenerContainer$ListenerConsumer.pollAndInvoke(KafkaMessageListenerContainer.java:1007)
	at org.springframework.kafka.listener.KafkaMessageListenerContainer$ListenerConsumer.run(KafkaMessageListenerContainer.java:927)
	at java.util.concurrent.Executors$RunnableAdapter.call(Executors.java:511)
	at java.util.concurrent.FutureTask.run(FutureTask.java:266)
	at java.lang.Thread.run(Thread.java:748)
Caused by: org.springframework.messaging.MessageDeliveryException: Dispatcher has no subscribers for channel 'application.scoringPositiveIn'.; nested exception is org.springframework.integration.MessageDispatchingException: Dispatcher has no subscribers, failedMessage=GenericMessage [payload=byte[150], headers={kafka_offset=0, scst_nativeHeadersPresent=true, kafka_consumer=org.apache.kafka.clients.consumer.KafkaConsumer@37e216e6, deliveryAttempt=3, kafka_timestampType=CREATE_TIME, kafka_receivedMessageKey=null, kafka_receivedPartitionId=0, contentType=application/json, kafka_receivedTopic=CreditApplicationScoringPositiveTopic, kafka_receivedTimestamp=1585045732521, kafka_groupId=ApplicationProcess-CreditApplicationEntered-Group}]
	at org.springframework.integration.channel.AbstractSubscribableChannel.doSend(AbstractSubscribableChannel.java:77)
	at org.springframework.integration.channel.AbstractMessageChannel.send(AbstractMessageChannel.java:453)
	at org.springframework.integration.channel.AbstractMessageChannel.send(AbstractMessageChannel.java:403)
	at org.springframework.messaging.core.GenericMessagingTemplate.doSend(GenericMessagingTemplate.java:187)
	at org.springframework.messaging.core.GenericMessagingTemplate.doSend(GenericMessagingTemplate.java:166)
	at org.springframework.messaging.core.GenericMessagingTemplate.doSend(GenericMessagingTemplate.java:47)
	at org.springframework.messaging.core.AbstractMessageSendingTemplate.send(AbstractMessageSendingTemplate.java:109)
	at org.springframework.integration.endpoint.MessageProducerSupport.sendMessage(MessageProducerSupport.java:198)
	at org.springframework.integration.kafka.inbound.KafkaMessageDrivenChannelAdapter.sendMessageIfAny(KafkaMessageDrivenChannelAdapter.java:384)
	at org.springframework.integration.kafka.inbound.KafkaMessageDrivenChannelAdapter.access$300(KafkaMessageDrivenChannelAdapter.java:75)
	at org.springframework.integration.kafka.inbound.KafkaMessageDrivenChannelAdapter$IntegrationRecordMessageListener.onMessage(KafkaMessageDrivenChannelAdapter.java:443)
	at org.springframework.integration.kafka.inbound.KafkaMessageDrivenChannelAdapter$IntegrationRecordMessageListener.onMessage(KafkaMessageDrivenChannelAdapter.java:417)
	at org.springframework.kafka.listener.adapter.RetryingMessageListenerAdapter.lambda$onMessage$0(RetryingMessageListenerAdapter.java:120)
	at org.springframework.retry.support.RetryTemplate.doExecute(RetryTemplate.java:287)
	at org.springframework.retry.support.RetryTemplate.execute(RetryTemplate.java:211)
	at org.springframework.kafka.listener.adapter.RetryingMessageListenerAdapter.onMessage(RetryingMessageListenerAdapter.java:114)
	at org.springframework.kafka.listener.adapter.RetryingMessageListenerAdapter.onMessage(RetryingMessageListenerAdapter.java:40)
	at org.springframework.kafka.listener.KafkaMessageListenerContainer$ListenerConsumer.doInvokeOnMessage(KafkaMessageListenerContainer.java:1728)
	at org.springframework.kafka.listener.KafkaMessageListenerContainer$ListenerConsumer.invokeOnMessage(KafkaMessageListenerContainer.java:1711)
	at org.springframework.kafka.listener.KafkaMessageListenerContainer$ListenerConsumer.doInvokeRecordListener(KafkaMessageListenerContainer.java:1666)
	... 8 common frames omitted
Caused by: org.springframework.integration.MessageDispatchingException: Dispatcher has no subscribers
	at org.springframework.integration.dispatcher.UnicastingDispatcher.doDispatch(UnicastingDispatcher.java:139)
	at org.springframework.integration.dispatcher.UnicastingDispatcher.dispatch(UnicastingDispatcher.java:106)
	at org.springframework.integration.channel.AbstractSubscribableChannel.doSend(AbstractSubscribableChannel.java:73)
	... 27 common frames omitted
2020-03-24 11:39:54,961 ERROR org.springframework.integration.handler.LoggingHandler [KafkaConsumerDestination{consumerDestinationName='CreditApplicationScoringNegativeTopic', partitions=1, dlqName='null'}.container-0-C-1] org.springframework.messaging.MessageDeliveryException: Dispatcher has no subscribers for channel 'application.scoringNegativeIn'.; nested exception is org.springframework.integration.MessageDispatchingException: Dispatcher has no subscribers, failedMessage=GenericMessage [payload=byte[150], headers={kafka_offset=0, scst_nativeHeadersPresent=true, kafka_consumer=org.apache.kafka.clients.consumer.KafkaConsumer@217dd337, deliveryAttempt=3, kafka_timestampType=CREATE_TIME, kafka_receivedMessageKey=null, kafka_receivedPartitionId=0, contentType=application/json, kafka_receivedTopic=CreditApplicationScoringNegativeTopic, kafka_receivedTimestamp=1585046070761, kafka_groupId=ApplicationProcess-CreditApplicationEntered-Group}], failedMessage=GenericMessage [payload=byte[150], headers={kafka_offset=0, scst_nativeHeadersPresent=true, kafka_consumer=org.apache.kafka.clients.consumer.KafkaConsumer@217dd337, deliveryAttempt=3, kafka_timestampType=CREATE_TIME, kafka_receivedMessageKey=null, kafka_receivedPartitionId=0, contentType=application/json, kafka_receivedTopic=CreditApplicationScoringNegativeTopic, kafka_receivedTimestamp=1585046070761, kafka_groupId=ApplicationProcess-CreditApplicationEntered-Group}]
	at org.springframework.integration.channel.AbstractSubscribableChannel.doSend(AbstractSubscribableChannel.java:77)
	at org.springframework.integration.channel.AbstractMessageChannel.send(AbstractMessageChannel.java:453)
	at org.springframework.integration.channel.AbstractMessageChannel.send(AbstractMessageChannel.java:403)
	at org.springframework.messaging.core.GenericMessagingTemplate.doSend(GenericMessagingTemplate.java:187)
	at org.springframework.messaging.core.GenericMessagingTemplate.doSend(GenericMessagingTemplate.java:166)
	at org.springframework.messaging.core.GenericMessagingTemplate.doSend(GenericMessagingTemplate.java:47)
	at org.springframework.messaging.core.AbstractMessageSendingTemplate.send(AbstractMessageSendingTemplate.java:109)
	at org.springframework.integration.endpoint.MessageProducerSupport.sendMessage(MessageProducerSupport.java:198)
	at org.springframework.integration.kafka.inbound.KafkaMessageDrivenChannelAdapter.sendMessageIfAny(KafkaMessageDrivenChannelAdapter.java:384)
	at org.springframework.integration.kafka.inbound.KafkaMessageDrivenChannelAdapter.access$300(KafkaMessageDrivenChannelAdapter.java:75)
	at org.springframework.integration.kafka.inbound.KafkaMessageDrivenChannelAdapter$IntegrationRecordMessageListener.onMessage(KafkaMessageDrivenChannelAdapter.java:443)
	at org.springframework.integration.kafka.inbound.KafkaMessageDrivenChannelAdapter$IntegrationRecordMessageListener.onMessage(KafkaMessageDrivenChannelAdapter.java:417)
	at org.springframework.kafka.listener.adapter.RetryingMessageListenerAdapter.lambda$onMessage$0(RetryingMessageListenerAdapter.java:120)
	at org.springframework.retry.support.RetryTemplate.doExecute(RetryTemplate.java:287)
	at org.springframework.retry.support.RetryTemplate.execute(RetryTemplate.java:211)
	at org.springframework.kafka.listener.adapter.RetryingMessageListenerAdapter.onMessage(RetryingMessageListenerAdapter.java:114)
	at org.springframework.kafka.listener.adapter.RetryingMessageListenerAdapter.onMessage(RetryingMessageListenerAdapter.java:40)
	at org.springframework.kafka.listener.KafkaMessageListenerContainer$ListenerConsumer.doInvokeOnMessage(KafkaMessageListenerContainer.java:1728)
	at org.springframework.kafka.listener.KafkaMessageListenerContainer$ListenerConsumer.invokeOnMessage(KafkaMessageListenerContainer.java:1711)
	at org.springframework.kafka.listener.KafkaMessageListenerContainer$ListenerConsumer.doInvokeRecordListener(KafkaMessageListenerContainer.java:1666)
	at org.springframework.kafka.listener.KafkaMessageListenerContainer$ListenerConsumer.doInvokeWithRecords(KafkaMessageListenerContainer.java:1605)
	at org.springframework.kafka.listener.KafkaMessageListenerContainer$ListenerConsumer.invokeRecordListener(KafkaMessageListenerContainer.java:1510)
	at org.springframework.kafka.listener.KafkaMessageListenerContainer$ListenerConsumer.invokeListener(KafkaMessageListenerContainer.java:1257)
	at org.springframework.kafka.listener.KafkaMessageListenerContainer$ListenerConsumer.pollAndInvoke(KafkaMessageListenerContainer.java:1007)
	at org.springframework.kafka.listener.KafkaMessageListenerContainer$ListenerConsumer.run(KafkaMessageListenerContainer.java:927)
	at java.util.concurrent.Executors$RunnableAdapter.call(Executors.java:511)
	at java.util.concurrent.FutureTask.run(FutureTask.java:266)
	at java.lang.Thread.run(Thread.java:748)
Caused by: org.springframework.integration.MessageDispatchingException: Dispatcher has no subscribers, failedMessage=GenericMessage [payload=byte[150], headers={kafka_offset=0, scst_nativeHeadersPresent=true, kafka_consumer=org.apache.kafka.clients.consumer.KafkaConsumer@217dd337, deliveryAttempt=3, kafka_timestampType=CREATE_TIME, kafka_receivedMessageKey=null, kafka_receivedPartitionId=0, contentType=application/json, kafka_receivedTopic=CreditApplicationScoringNegativeTopic, kafka_receivedTimestamp=1585046070761, kafka_groupId=ApplicationProcess-CreditApplicationEntered-Group}]
	at org.springframework.integration.dispatcher.UnicastingDispatcher.doDispatch(UnicastingDispatcher.java:139)
	at org.springframework.integration.dispatcher.UnicastingDispatcher.dispatch(UnicastingDispatcher.java:106)
	at org.springframework.integration.channel.AbstractSubscribableChannel.doSend(AbstractSubscribableChannel.java:73)
	... 27 more

2020-03-24 11:39:54,962 ERROR org.springframework.kafka.listener.LoggingErrorHandler [KafkaConsumerDestination{consumerDestinationName='CreditApplicationScoringNegativeTopic', partitions=1, dlqName='null'}.container-0-C-1] Error while processing: ConsumerRecord(topic = CreditApplicationScoringNegativeTopic, partition = 0, leaderEpoch = 0, offset = 0, CreateTime = 1585046070761, serialized key size = -1, serialized value size = 150, headers = RecordHeaders(headers = [RecordHeader(key = contentType, value = [34, 97, 112, 112, 108, 105, 99, 97, 116, 105, 111, 110, 47, 106, 115, 111, 110, 34]), RecordHeader(key = spring_json_header_types, value = [123, 34, 99, 111, 110, 116, 101, 110, 116, 84, 121, 112, 101, 34, 58, 34, 106, 97, 118, 97, 46, 108, 97, 110, 103, 46, 83, 116, 114, 105, 110, 103, 34, 125])], isReadOnly = false), key = null, value = [B@381d4bc0)
org.springframework.kafka.listener.ListenerExecutionFailedException: Listener failed; nested exception is org.springframework.messaging.MessageDeliveryException: Dispatcher has no subscribers for channel 'application.scoringNegativeIn'.; nested exception is org.springframework.integration.MessageDispatchingException: Dispatcher has no subscribers, failedMessage=GenericMessage [payload=byte[150], headers={kafka_offset=0, scst_nativeHeadersPresent=true, kafka_consumer=org.apache.kafka.clients.consumer.KafkaConsumer@217dd337, deliveryAttempt=3, kafka_timestampType=CREATE_TIME, kafka_receivedMessageKey=null, kafka_receivedPartitionId=0, contentType=application/json, kafka_receivedTopic=CreditApplicationScoringNegativeTopic, kafka_receivedTimestamp=1585046070761, kafka_groupId=ApplicationProcess-CreditApplicationEntered-Group}], failedMessage=GenericMessage [payload=byte[150], headers={kafka_offset=0, scst_nativeHeadersPresent=true, kafka_consumer=org.apache.kafka.clients.consumer.KafkaConsumer@217dd337, deliveryAttempt=3, kafka_timestampType=CREATE_TIME, kafka_receivedMessageKey=null, kafka_receivedPartitionId=0, contentType=application/json, kafka_receivedTopic=CreditApplicationScoringNegativeTopic, kafka_receivedTimestamp=1585046070761, kafka_groupId=ApplicationProcess-CreditApplicationEntered-Group}]
	at org.springframework.kafka.listener.KafkaMessageListenerContainer$ListenerConsumer.decorateException(KafkaMessageListenerContainer.java:1777)
	at org.springframework.kafka.listener.KafkaMessageListenerContainer$ListenerConsumer.invokeErrorHandler(KafkaMessageListenerContainer.java:1766)
	at org.springframework.kafka.listener.KafkaMessageListenerContainer$ListenerConsumer.doInvokeRecordListener(KafkaMessageListenerContainer.java:1679)
	at org.springframework.kafka.listener.KafkaMessageListenerContainer$ListenerConsumer.doInvokeWithRecords(KafkaMessageListenerContainer.java:1605)
	at org.springframework.kafka.listener.KafkaMessageListenerContainer$ListenerConsumer.invokeRecordListener(KafkaMessageListenerContainer.java:1510)
	at org.springframework.kafka.listener.KafkaMessageListenerContainer$ListenerConsumer.invokeListener(KafkaMessageListenerContainer.java:1257)
	at org.springframework.kafka.listener.KafkaMessageListenerContainer$ListenerConsumer.pollAndInvoke(KafkaMessageListenerContainer.java:1007)
	at org.springframework.kafka.listener.KafkaMessageListenerContainer$ListenerConsumer.run(KafkaMessageListenerContainer.java:927)
	at java.util.concurrent.Executors$RunnableAdapter.call(Executors.java:511)
	at java.util.concurrent.FutureTask.run(FutureTask.java:266)
	at java.lang.Thread.run(Thread.java:748)
Caused by: org.springframework.messaging.MessageDeliveryException: Dispatcher has no subscribers for channel 'application.scoringNegativeIn'.; nested exception is org.springframework.integration.MessageDispatchingException: Dispatcher has no subscribers, failedMessage=GenericMessage [payload=byte[150], headers={kafka_offset=0, scst_nativeHeadersPresent=true, kafka_consumer=org.apache.kafka.clients.consumer.KafkaConsumer@217dd337, deliveryAttempt=3, kafka_timestampType=CREATE_TIME, kafka_receivedMessageKey=null, kafka_receivedPartitionId=0, contentType=application/json, kafka_receivedTopic=CreditApplicationScoringNegativeTopic, kafka_receivedTimestamp=1585046070761, kafka_groupId=ApplicationProcess-CreditApplicationEntered-Group}]
	at org.springframework.integration.channel.AbstractSubscribableChannel.doSend(AbstractSubscribableChannel.java:77)
	at org.springframework.integration.channel.AbstractMessageChannel.send(AbstractMessageChannel.java:453)
	at org.springframework.integration.channel.AbstractMessageChannel.send(AbstractMessageChannel.java:403)
	at org.springframework.messaging.core.GenericMessagingTemplate.doSend(GenericMessagingTemplate.java:187)
	at org.springframework.messaging.core.GenericMessagingTemplate.doSend(GenericMessagingTemplate.java:166)
	at org.springframework.messaging.core.GenericMessagingTemplate.doSend(GenericMessagingTemplate.java:47)
	at org.springframework.messaging.core.AbstractMessageSendingTemplate.send(AbstractMessageSendingTemplate.java:109)
	at org.springframework.integration.endpoint.MessageProducerSupport.sendMessage(MessageProducerSupport.java:198)
	at org.springframework.integration.kafka.inbound.KafkaMessageDrivenChannelAdapter.sendMessageIfAny(KafkaMessageDrivenChannelAdapter.java:384)
	at org.springframework.integration.kafka.inbound.KafkaMessageDrivenChannelAdapter.access$300(KafkaMessageDrivenChannelAdapter.java:75)
	at org.springframework.integration.kafka.inbound.KafkaMessageDrivenChannelAdapter$IntegrationRecordMessageListener.onMessage(KafkaMessageDrivenChannelAdapter.java:443)
	at org.springframework.integration.kafka.inbound.KafkaMessageDrivenChannelAdapter$IntegrationRecordMessageListener.onMessage(KafkaMessageDrivenChannelAdapter.java:417)
	at org.springframework.kafka.listener.adapter.RetryingMessageListenerAdapter.lambda$onMessage$0(RetryingMessageListenerAdapter.java:120)
	at org.springframework.retry.support.RetryTemplate.doExecute(RetryTemplate.java:287)
	at org.springframework.retry.support.RetryTemplate.execute(RetryTemplate.java:211)
	at org.springframework.kafka.listener.adapter.RetryingMessageListenerAdapter.onMessage(RetryingMessageListenerAdapter.java:114)
	at org.springframework.kafka.listener.adapter.RetryingMessageListenerAdapter.onMessage(RetryingMessageListenerAdapter.java:40)
	at org.springframework.kafka.listener.KafkaMessageListenerContainer$ListenerConsumer.doInvokeOnMessage(KafkaMessageListenerContainer.java:1728)
	at org.springframework.kafka.listener.KafkaMessageListenerContainer$ListenerConsumer.invokeOnMessage(KafkaMessageListenerContainer.java:1711)
	at org.springframework.kafka.listener.KafkaMessageListenerContainer$ListenerConsumer.doInvokeRecordListener(KafkaMessageListenerContainer.java:1666)
	... 8 common frames omitted
Caused by: org.springframework.integration.MessageDispatchingException: Dispatcher has no subscribers
	at org.springframework.integration.dispatcher.UnicastingDispatcher.doDispatch(UnicastingDispatcher.java:139)
	at org.springframework.integration.dispatcher.UnicastingDispatcher.dispatch(UnicastingDispatcher.java:106)
	at org.springframework.integration.channel.AbstractSubscribableChannel.doSend(AbstractSubscribableChannel.java:73)
	... 27 common frames omitted
2020-03-24 11:39:57,878 ERROR org.springframework.integration.handler.LoggingHandler [KafkaConsumerDestination{consumerDestinationName='CreditApplicationScoringPositiveTopic', partitions=1, dlqName='null'}.container-0-C-1] org.springframework.messaging.MessageDeliveryException: Dispatcher has no subscribers for channel 'application.scoringPositiveIn'.; nested exception is org.springframework.integration.MessageDispatchingException: Dispatcher has no subscribers, failedMessage=GenericMessage [payload=byte[150], headers={kafka_offset=1, scst_nativeHeadersPresent=true, kafka_consumer=org.apache.kafka.clients.consumer.KafkaConsumer@37e216e6, deliveryAttempt=3, kafka_timestampType=CREATE_TIME, kafka_receivedMessageKey=null, kafka_receivedPartitionId=0, contentType=application/json, kafka_receivedTopic=CreditApplicationScoringPositiveTopic, kafka_receivedTimestamp=1585046023525, kafka_groupId=ApplicationProcess-CreditApplicationEntered-Group}], failedMessage=GenericMessage [payload=byte[150], headers={kafka_offset=1, scst_nativeHeadersPresent=true, kafka_consumer=org.apache.kafka.clients.consumer.KafkaConsumer@37e216e6, deliveryAttempt=3, kafka_timestampType=CREATE_TIME, kafka_receivedMessageKey=null, kafka_receivedPartitionId=0, contentType=application/json, kafka_receivedTopic=CreditApplicationScoringPositiveTopic, kafka_receivedTimestamp=1585046023525, kafka_groupId=ApplicationProcess-CreditApplicationEntered-Group}]
	at org.springframework.integration.channel.AbstractSubscribableChannel.doSend(AbstractSubscribableChannel.java:77)
	at org.springframework.integration.channel.AbstractMessageChannel.send(AbstractMessageChannel.java:453)
	at org.springframework.integration.channel.AbstractMessageChannel.send(AbstractMessageChannel.java:403)
	at org.springframework.messaging.core.GenericMessagingTemplate.doSend(GenericMessagingTemplate.java:187)
	at org.springframework.messaging.core.GenericMessagingTemplate.doSend(GenericMessagingTemplate.java:166)
	at org.springframework.messaging.core.GenericMessagingTemplate.doSend(GenericMessagingTemplate.java:47)
	at org.springframework.messaging.core.AbstractMessageSendingTemplate.send(AbstractMessageSendingTemplate.java:109)
	at org.springframework.integration.endpoint.MessageProducerSupport.sendMessage(MessageProducerSupport.java:198)
	at org.springframework.integration.kafka.inbound.KafkaMessageDrivenChannelAdapter.sendMessageIfAny(KafkaMessageDrivenChannelAdapter.java:384)
	at org.springframework.integration.kafka.inbound.KafkaMessageDrivenChannelAdapter.access$300(KafkaMessageDrivenChannelAdapter.java:75)
	at org.springframework.integration.kafka.inbound.KafkaMessageDrivenChannelAdapter$IntegrationRecordMessageListener.onMessage(KafkaMessageDrivenChannelAdapter.java:443)
	at org.springframework.integration.kafka.inbound.KafkaMessageDrivenChannelAdapter$IntegrationRecordMessageListener.onMessage(KafkaMessageDrivenChannelAdapter.java:417)
	at org.springframework.kafka.listener.adapter.RetryingMessageListenerAdapter.lambda$onMessage$0(RetryingMessageListenerAdapter.java:120)
	at org.springframework.retry.support.RetryTemplate.doExecute(RetryTemplate.java:287)
	at org.springframework.retry.support.RetryTemplate.execute(RetryTemplate.java:211)
	at org.springframework.kafka.listener.adapter.RetryingMessageListenerAdapter.onMessage(RetryingMessageListenerAdapter.java:114)
	at org.springframework.kafka.listener.adapter.RetryingMessageListenerAdapter.onMessage(RetryingMessageListenerAdapter.java:40)
	at org.springframework.kafka.listener.KafkaMessageListenerContainer$ListenerConsumer.doInvokeOnMessage(KafkaMessageListenerContainer.java:1728)
	at org.springframework.kafka.listener.KafkaMessageListenerContainer$ListenerConsumer.invokeOnMessage(KafkaMessageListenerContainer.java:1711)
	at org.springframework.kafka.listener.KafkaMessageListenerContainer$ListenerConsumer.doInvokeRecordListener(KafkaMessageListenerContainer.java:1666)
	at org.springframework.kafka.listener.KafkaMessageListenerContainer$ListenerConsumer.doInvokeWithRecords(KafkaMessageListenerContainer.java:1605)
	at org.springframework.kafka.listener.KafkaMessageListenerContainer$ListenerConsumer.invokeRecordListener(KafkaMessageListenerContainer.java:1510)
	at org.springframework.kafka.listener.KafkaMessageListenerContainer$ListenerConsumer.invokeListener(KafkaMessageListenerContainer.java:1257)
	at org.springframework.kafka.listener.KafkaMessageListenerContainer$ListenerConsumer.pollAndInvoke(KafkaMessageListenerContainer.java:1007)
	at org.springframework.kafka.listener.KafkaMessageListenerContainer$ListenerConsumer.run(KafkaMessageListenerContainer.java:927)
	at java.util.concurrent.Executors$RunnableAdapter.call(Executors.java:511)
	at java.util.concurrent.FutureTask.run(FutureTask.java:266)
	at java.lang.Thread.run(Thread.java:748)
Caused by: org.springframework.integration.MessageDispatchingException: Dispatcher has no subscribers, failedMessage=GenericMessage [payload=byte[150], headers={kafka_offset=1, scst_nativeHeadersPresent=true, kafka_consumer=org.apache.kafka.clients.consumer.KafkaConsumer@37e216e6, deliveryAttempt=3, kafka_timestampType=CREATE_TIME, kafka_receivedMessageKey=null, kafka_receivedPartitionId=0, contentType=application/json, kafka_receivedTopic=CreditApplicationScoringPositiveTopic, kafka_receivedTimestamp=1585046023525, kafka_groupId=ApplicationProcess-CreditApplicationEntered-Group}]
	at org.springframework.integration.dispatcher.UnicastingDispatcher.doDispatch(UnicastingDispatcher.java:139)
	at org.springframework.integration.dispatcher.UnicastingDispatcher.dispatch(UnicastingDispatcher.java:106)
	at org.springframework.integration.channel.AbstractSubscribableChannel.doSend(AbstractSubscribableChannel.java:73)
	... 27 more

2020-03-24 11:39:57,879 ERROR org.springframework.kafka.listener.LoggingErrorHandler [KafkaConsumerDestination{consumerDestinationName='CreditApplicationScoringPositiveTopic', partitions=1, dlqName='null'}.container-0-C-1] Error while processing: ConsumerRecord(topic = CreditApplicationScoringPositiveTopic, partition = 0, leaderEpoch = 0, offset = 1, CreateTime = 1585046023525, serialized key size = -1, serialized value size = 150, headers = RecordHeaders(headers = [RecordHeader(key = contentType, value = [34, 97, 112, 112, 108, 105, 99, 97, 116, 105, 111, 110, 47, 106, 115, 111, 110, 34]), RecordHeader(key = spring_json_header_types, value = [123, 34, 99, 111, 110, 116, 101, 110, 116, 84, 121, 112, 101, 34, 58, 34, 106, 97, 118, 97, 46, 108, 97, 110, 103, 46, 83, 116, 114, 105, 110, 103, 34, 125])], isReadOnly = false), key = null, value = [B@4713ea63)
org.springframework.kafka.listener.ListenerExecutionFailedException: Listener failed; nested exception is org.springframework.messaging.MessageDeliveryException: Dispatcher has no subscribers for channel 'application.scoringPositiveIn'.; nested exception is org.springframework.integration.MessageDispatchingException: Dispatcher has no subscribers, failedMessage=GenericMessage [payload=byte[150], headers={kafka_offset=1, scst_nativeHeadersPresent=true, kafka_consumer=org.apache.kafka.clients.consumer.KafkaConsumer@37e216e6, deliveryAttempt=3, kafka_timestampType=CREATE_TIME, kafka_receivedMessageKey=null, kafka_receivedPartitionId=0, contentType=application/json, kafka_receivedTopic=CreditApplicationScoringPositiveTopic, kafka_receivedTimestamp=1585046023525, kafka_groupId=ApplicationProcess-CreditApplicationEntered-Group}], failedMessage=GenericMessage [payload=byte[150], headers={kafka_offset=1, scst_nativeHeadersPresent=true, kafka_consumer=org.apache.kafka.clients.consumer.KafkaConsumer@37e216e6, deliveryAttempt=3, kafka_timestampType=CREATE_TIME, kafka_receivedMessageKey=null, kafka_receivedPartitionId=0, contentType=application/json, kafka_receivedTopic=CreditApplicationScoringPositiveTopic, kafka_receivedTimestamp=1585046023525, kafka_groupId=ApplicationProcess-CreditApplicationEntered-Group}]
	at org.springframework.kafka.listener.KafkaMessageListenerContainer$ListenerConsumer.decorateException(KafkaMessageListenerContainer.java:1777)
	at org.springframework.kafka.listener.KafkaMessageListenerContainer$ListenerConsumer.invokeErrorHandler(KafkaMessageListenerContainer.java:1766)
	at org.springframework.kafka.listener.KafkaMessageListenerContainer$ListenerConsumer.doInvokeRecordListener(KafkaMessageListenerContainer.java:1679)
	at org.springframework.kafka.listener.KafkaMessageListenerContainer$ListenerConsumer.doInvokeWithRecords(KafkaMessageListenerContainer.java:1605)
	at org.springframework.kafka.listener.KafkaMessageListenerContainer$ListenerConsumer.invokeRecordListener(KafkaMessageListenerContainer.java:1510)
	at org.springframework.kafka.listener.KafkaMessageListenerContainer$ListenerConsumer.invokeListener(KafkaMessageListenerContainer.java:1257)
	at org.springframework.kafka.listener.KafkaMessageListenerContainer$ListenerConsumer.pollAndInvoke(KafkaMessageListenerContainer.java:1007)
	at org.springframework.kafka.listener.KafkaMessageListenerContainer$ListenerConsumer.run(KafkaMessageListenerContainer.java:927)
	at java.util.concurrent.Executors$RunnableAdapter.call(Executors.java:511)
	at java.util.concurrent.FutureTask.run(FutureTask.java:266)
	at java.lang.Thread.run(Thread.java:748)
Caused by: org.springframework.messaging.MessageDeliveryException: Dispatcher has no subscribers for channel 'application.scoringPositiveIn'.; nested exception is org.springframework.integration.MessageDispatchingException: Dispatcher has no subscribers, failedMessage=GenericMessage [payload=byte[150], headers={kafka_offset=1, scst_nativeHeadersPresent=true, kafka_consumer=org.apache.kafka.clients.consumer.KafkaConsumer@37e216e6, deliveryAttempt=3, kafka_timestampType=CREATE_TIME, kafka_receivedMessageKey=null, kafka_receivedPartitionId=0, contentType=application/json, kafka_receivedTopic=CreditApplicationScoringPositiveTopic, kafka_receivedTimestamp=1585046023525, kafka_groupId=ApplicationProcess-CreditApplicationEntered-Group}]
	at org.springframework.integration.channel.AbstractSubscribableChannel.doSend(AbstractSubscribableChannel.java:77)
	at org.springframework.integration.channel.AbstractMessageChannel.send(AbstractMessageChannel.java:453)
	at org.springframework.integration.channel.AbstractMessageChannel.send(AbstractMessageChannel.java:403)
	at org.springframework.messaging.core.GenericMessagingTemplate.doSend(GenericMessagingTemplate.java:187)
	at org.springframework.messaging.core.GenericMessagingTemplate.doSend(GenericMessagingTemplate.java:166)
	at org.springframework.messaging.core.GenericMessagingTemplate.doSend(GenericMessagingTemplate.java:47)
	at org.springframework.messaging.core.AbstractMessageSendingTemplate.send(AbstractMessageSendingTemplate.java:109)
	at org.springframework.integration.endpoint.MessageProducerSupport.sendMessage(MessageProducerSupport.java:198)
	at org.springframework.integration.kafka.inbound.KafkaMessageDrivenChannelAdapter.sendMessageIfAny(KafkaMessageDrivenChannelAdapter.java:384)
	at org.springframework.integration.kafka.inbound.KafkaMessageDrivenChannelAdapter.access$300(KafkaMessageDrivenChannelAdapter.java:75)
	at org.springframework.integration.kafka.inbound.KafkaMessageDrivenChannelAdapter$IntegrationRecordMessageListener.onMessage(KafkaMessageDrivenChannelAdapter.java:443)
	at org.springframework.integration.kafka.inbound.KafkaMessageDrivenChannelAdapter$IntegrationRecordMessageListener.onMessage(KafkaMessageDrivenChannelAdapter.java:417)
	at org.springframework.kafka.listener.adapter.RetryingMessageListenerAdapter.lambda$onMessage$0(RetryingMessageListenerAdapter.java:120)
	at org.springframework.retry.support.RetryTemplate.doExecute(RetryTemplate.java:287)
	at org.springframework.retry.support.RetryTemplate.execute(RetryTemplate.java:211)
	at org.springframework.kafka.listener.adapter.RetryingMessageListenerAdapter.onMessage(RetryingMessageListenerAdapter.java:114)
	at org.springframework.kafka.listener.adapter.RetryingMessageListenerAdapter.onMessage(RetryingMessageListenerAdapter.java:40)
	at org.springframework.kafka.listener.KafkaMessageListenerContainer$ListenerConsumer.doInvokeOnMessage(KafkaMessageListenerContainer.java:1728)
	at org.springframework.kafka.listener.KafkaMessageListenerContainer$ListenerConsumer.invokeOnMessage(KafkaMessageListenerContainer.java:1711)
	at org.springframework.kafka.listener.KafkaMessageListenerContainer$ListenerConsumer.doInvokeRecordListener(KafkaMessageListenerContainer.java:1666)
	... 8 common frames omitted
Caused by: org.springframework.integration.MessageDispatchingException: Dispatcher has no subscribers
	at org.springframework.integration.dispatcher.UnicastingDispatcher.doDispatch(UnicastingDispatcher.java:139)
	at org.springframework.integration.dispatcher.UnicastingDispatcher.dispatch(UnicastingDispatcher.java:106)
	at org.springframework.integration.channel.AbstractSubscribableChannel.doSend(AbstractSubscribableChannel.java:73)
	... 27 common frames omitted
